<?xml version="1.0" encoding="UTF-8"?>
<testsuite name="HelloSpockSpec" tests="1" skipped="0" failures="0" errors="0" timestamp="2019-03-13T12:29:42" hostname="evgeny-TM1701" time="0.001">
  <properties/>
  <testcase name="length of Spock's and his friends' names" classname="HelloSpockSpec" time="0.001"/>
  <system-out><![CDATA[]]></system-out>
  <system-err><![CDATA[]]></system-err>
</testsuite>
